running egg_info
creating ../build/turtlesim_path_planner/turtlesim_path_planner.egg-info
writing ../build/turtlesim_path_planner/turtlesim_path_planner.egg-info/PKG-INFO
writing dependency_links to ../build/turtlesim_path_planner/turtlesim_path_planner.egg-info/dependency_links.txt
writing entry points to ../build/turtlesim_path_planner/turtlesim_path_planner.egg-info/entry_points.txt
writing requirements to ../build/turtlesim_path_planner/turtlesim_path_planner.egg-info/requires.txt
writing top-level names to ../build/turtlesim_path_planner/turtlesim_path_planner.egg-info/top_level.txt
writing manifest file '../build/turtlesim_path_planner/turtlesim_path_planner.egg-info/SOURCES.txt'
reading manifest file '../build/turtlesim_path_planner/turtlesim_path_planner.egg-info/SOURCES.txt'
writing manifest file '../build/turtlesim_path_planner/turtlesim_path_planner.egg-info/SOURCES.txt'
running build
running build_py
creating /root/ros2_ws/build/turtlesim_path_planner/build
creating /root/ros2_ws/build/turtlesim_path_planner/build/lib
creating /root/ros2_ws/build/turtlesim_path_planner/build/lib/turtlesim_path_planner
copying turtlesim_path_planner/__init__.py -> /root/ros2_ws/build/turtlesim_path_planner/build/lib/turtlesim_path_planner
copying turtlesim_path_planner/path_planner.py -> /root/ros2_ws/build/turtlesim_path_planner/build/lib/turtlesim_path_planner
running install
running install_lib
creating /root/ros2_ws/install/turtlesim_path_planner/lib/python3.12/site-packages/turtlesim_path_planner
copying /root/ros2_ws/build/turtlesim_path_planner/build/lib/turtlesim_path_planner/__init__.py -> /root/ros2_ws/install/turtlesim_path_planner/lib/python3.12/site-packages/turtlesim_path_planner
copying /root/ros2_ws/build/turtlesim_path_planner/build/lib/turtlesim_path_planner/path_planner.py -> /root/ros2_ws/install/turtlesim_path_planner/lib/python3.12/site-packages/turtlesim_path_planner
byte-compiling /root/ros2_ws/install/turtlesim_path_planner/lib/python3.12/site-packages/turtlesim_path_planner/__init__.py to __init__.cpython-312.pyc
byte-compiling /root/ros2_ws/install/turtlesim_path_planner/lib/python3.12/site-packages/turtlesim_path_planner/path_planner.py to path_planner.cpython-312.pyc
running install_data
creating /root/ros2_ws/install/turtlesim_path_planner/share/ament_index
creating /root/ros2_ws/install/turtlesim_path_planner/share/ament_index/resource_index
creating /root/ros2_ws/install/turtlesim_path_planner/share/ament_index/resource_index/packages
copying resource/turtlesim_path_planner -> /root/ros2_ws/install/turtlesim_path_planner/share/ament_index/resource_index/packages
copying package.xml -> /root/ros2_ws/install/turtlesim_path_planner/share/turtlesim_path_planner
running install_egg_info
Copying ../build/turtlesim_path_planner/turtlesim_path_planner.egg-info to /root/ros2_ws/install/turtlesim_path_planner/lib/python3.12/site-packages/turtlesim_path_planner-0.0.0-py3.12.egg-info
running install_scripts
Installing path_planner script to /root/ros2_ws/install/turtlesim_path_planner/lib/turtlesim_path_planner
writing list of installed files to '/root/ros2_ws/build/turtlesim_path_planner/install.log'
