[1.506s] Invoking command in '/root/ros2_ws/turtlesim_path_planner': PYTHONPATH=/root/ros2_ws/build/turtlesim_path_planner/prefix_override:/usr/lib/python3/dist-packages/colcon_core/task/python/colcon_distutils_commands:/root/ros2_ws/install/turtlesim_path_planner/lib/python3.12/site-packages:${PYTHONPATH} /usr/bin/python3 -W ignore:setup.py install is deprecated setup.py egg_info --egg-base ../build/turtlesim_path_planner build --build-base /root/ros2_ws/build/turtlesim_path_planner/build install --record /root/ros2_ws/build/turtlesim_path_planner/install.log --single-version-externally-managed install_data
[1.999s] running egg_info
[2.055s] writing ../build/turtlesim_path_planner/turtlesim_path_planner.egg-info/PKG-INFO
[2.056s] writing dependency_links to ../build/turtlesim_path_planner/turtlesim_path_planner.egg-info/dependency_links.txt
[2.059s] writing entry points to ../build/turtlesim_path_planner/turtlesim_path_planner.egg-info/entry_points.txt
[2.060s] writing requirements to ../build/turtlesim_path_planner/turtlesim_path_planner.egg-info/requires.txt
[2.060s] writing top-level names to ../build/turtlesim_path_planner/turtlesim_path_planner.egg-info/top_level.txt
[2.173s] reading manifest file '../build/turtlesim_path_planner/turtlesim_path_planner.egg-info/SOURCES.txt'
[2.176s] writing manifest file '../build/turtlesim_path_planner/turtlesim_path_planner.egg-info/SOURCES.txt'
[2.177s] running build
[2.177s] running build_py
[2.178s] running install
[2.205s] running install_lib
[2.244s] running install_data
[2.245s] running install_egg_info
[2.283s] removing '/root/ros2_ws/install/turtlesim_path_planner/lib/python3.12/site-packages/turtlesim_path_planner-0.0.0-py3.12.egg-info' (and everything under it)
[2.284s] Copying ../build/turtlesim_path_planner/turtlesim_path_planner.egg-info to /root/ros2_ws/install/turtlesim_path_planner/lib/python3.12/site-packages/turtlesim_path_planner-0.0.0-py3.12.egg-info
[2.290s] running install_scripts
[2.549s] Installing path_planner script to /root/ros2_ws/install/turtlesim_path_planner/lib/turtlesim_path_planner
[2.549s] writing list of installed files to '/root/ros2_ws/build/turtlesim_path_planner/install.log'
[2.610s] Invoked command in '/root/ros2_ws/turtlesim_path_planner' returned '0': PYTHONPATH=/root/ros2_ws/build/turtlesim_path_planner/prefix_override:/usr/lib/python3/dist-packages/colcon_core/task/python/colcon_distutils_commands:/root/ros2_ws/install/turtlesim_path_planner/lib/python3.12/site-packages:${PYTHONPATH} /usr/bin/python3 -W ignore:setup.py install is deprecated setup.py egg_info --egg-base ../build/turtlesim_path_planner build --build-base /root/ros2_ws/build/turtlesim_path_planner/build install --record /root/ros2_ws/build/turtlesim_path_planner/install.log --single-version-externally-managed install_data
